<?xml version="1.0" encoding="UTF-8"?>
<testsuite name="com.example.day06.CommandApiTest" tests="2" skipped="0" failures="0" errors="0" timestamp="2026-08-12T06:56:19.022Z" hostname="User-2025AAYOUP" time="2.537">
  <properties/>
  <testcase name="faultIsAcknowledgedByOperatorAndResolvedByRtos()" classname="com.example.day06.CommandApiTest" time="0.711"/>
  <testcase name="commandCanFinishWithRtosResult()" classname="com.example.day06.CommandApiTest" time="0.031"/>
  <system-out><![CDATA[15:56:19.127 [Test worker] INFO org.springframework.test.context.support.AnnotationConfigContextLoaderUtils -- Could not detect default configuration classes for test class [com.example.day06.CommandApiTest]: CommandApiTest does not declare any static, non-private, non-final, nested classes annotated with @Configuration.
15:56:19.253 [Test worker] INFO org.springframework.boot.test.context.SpringBootTestContextBootstrapper -- Found @SpringBootConfiguration com.example.day06.Day05Application for test class com.example.day06.CommandApiTest

  .   ____          _            __ _ _
 /\\ / ___'_ __ _ _(_)_ __  __ _ \ \ \ \
( ( )\___ | '_ | '_| | '_ \/ _` | \ \ \ \
 \\/  ___)| |_)| | | | | || (_| |  ) ) ) )
  '  |____| .__|_| |_|_| |_\__, | / / / /
 =========|_|==============|___/=/_/_/_/

 :: Spring Boot ::                (v3.3.5)

2026-08-12T15:56:19.661+09:00  INFO 24784 --- [    Test worker] com.example.day06.CommandApiTest         : Starting CommandApiTest using Java 25.0.4 with PID 24784 (started by Administrator in C:\workspace\rtos_context\day05\examples\spring-server)
2026-08-12T15:56:19.663+09:00  INFO 24784 --- [    Test worker] com.example.day06.CommandApiTest         : No active profile set, falling back to 1 default profile: "default"
2026-08-12T15:56:20.774+09:00  INFO 24784 --- [    Test worker] o.s.b.t.m.w.SpringBootMockServletContext : Initializing Spring TestDispatcherServlet ''
2026-08-12T15:56:20.774+09:00  INFO 24784 --- [    Test worker] o.s.t.web.servlet.TestDispatcherServlet  : Initializing Servlet ''
2026-08-12T15:56:20.775+09:00  INFO 24784 --- [    Test worker] o.s.t.web.servlet.TestDispatcherServlet  : Completed initialization in 0 ms
2026-08-12T15:56:20.801+09:00  INFO 24784 --- [    Test worker] com.example.day06.CommandApiTest         : Started CommandApiTest in 1.398 seconds (process running for 10.403)
2026-08-12T15:56:21.452+09:00  WARN 24784 --- [    Test worker] com.example.day06.FaultController        : [RTOS -> Spring] fault id=1, type=PAPER_EMPTY, device=PRINTER-01
2026-08-12T15:56:21.518+09:00  INFO 24784 --- [    Test worker] com.example.day06.FaultController        : [RTOS -> Spring] fault id=1 resolved
2026-08-12T15:56:21.541+09:00  INFO 24784 --- [    Test worker] com.example.day06.CommandController      : [React -> Spring] id=1, taskType=LED_BLINK, payload=3
2026-08-12T15:56:21.557+09:00  INFO 24784 --- [    Test worker] com.example.day06.CommandController      : [RTOS -> Spring] id=1, status=COMPLETED, result=LED blink completed: 3 times
]]></system-out>
  <system-err><![CDATA[WARNING: A Java agent has been loaded dynamically (C:\Users\CodexSandboxOffline\.gradle\caches\modules-2\files-2.1\net.bytebuddy\byte-buddy-agent\1.14.19\154da3a65b4f4a909d3e5bdec55d1b2b4cbb6ce1\byte-buddy-agent-1.14.19.jar)
WARNING: If a serviceability tool is in use, please run with -XX:+EnableDynamicAgentLoading to hide this warning
WARNING: If a serviceability tool is not in use, please run with -Djdk.instrument.traceUsage for more information
WARNING: Dynamic loading of agents will be disallowed by default in a future release
]]></system-err>
</testsuite>
